{'model': {'circ_rows': 3,
           'iters': 4,
           'leak': 0.2,
           'nf': 27,
           'nic': 1,
           'rank': 11,
           'topK': 8,
           'window_size': 42},
 'paths': {'ckpt': None, 'save': 'Models/DGCN-nf_rank-1b'},
 'train': {'fit': {'backtrack_thresh': 1,
                   'clip_grad': 1,
                   'epochs': 16000,
                   'noise_std': 25,
                   'save_freq': 50,
                   'val_freq': 50,
                   'verbose': False},
           'loaders': {'batch_size': 8,
                       'crop_size': 42,
                       'load_color': False,
                       'trn_path_list': ['CBSD432'],
                       'tst_path_list': ['CBSD68'],
                       'val_path_list': ['Set12']},
           'opt': {'lr': 0.0001},
           'sched': {'gamma': 0.95, 'step_size': 200}}}
Loading ['CBSD432']:
Loading ['CBSD68']:
Loading ['Set12']:
Using device cuda:0.
Using 2 GPUs.
Current Learning Rate(s):
0.0001
Total Number of Parameters: 262,176
fit: using device cuda:0
Saving initialization to 0.ckpt
TRAIN PSNR: 19.514 dB
TRAIN PSNR: 21.894 dB
TRAIN PSNR: 22.960 dB
TRAIN PSNR: 23.576 dB
TRAIN PSNR: 24.053 dB
TRAIN PSNR: 24.390 dB
TRAIN PSNR: 24.595 dB
TRAIN PSNR: 24.806 dB
TRAIN PSNR: 24.919 dB
TRAIN PSNR: 25.106 dB
TRAIN PSNR: 25.325 dB
TRAIN PSNR: 25.297 dB
TRAIN PSNR: 25.488 dB
TRAIN PSNR: 25.631 dB
TRAIN PSNR: 25.831 dB
TRAIN PSNR: 25.726 dB
TRAIN PSNR: 25.886 dB
TRAIN PSNR: 25.993 dB
TRAIN PSNR: 26.162 dB
TRAIN PSNR: 26.209 dB
TRAIN PSNR: 26.181 dB
TRAIN PSNR: 26.180 dB
TRAIN PSNR: 26.314 dB
TRAIN PSNR: 26.406 dB
TRAIN PSNR: 26.489 dB
TRAIN PSNR: 26.612 dB
TRAIN PSNR: 26.588 dB
TRAIN PSNR: 26.734 dB
TRAIN PSNR: 26.808 dB
TRAIN PSNR: 26.779 dB
TRAIN PSNR: 26.640 dB
TRAIN PSNR: 26.837 dB
TRAIN PSNR: 26.867 dB
TRAIN PSNR: 26.907 dB
TRAIN PSNR: 27.013 dB
TRAIN PSNR: 27.060 dB
TRAIN PSNR: 27.272 dB
TRAIN PSNR: 27.402 dB
TRAIN PSNR: 27.088 dB
TRAIN PSNR: 27.278 dB
TRAIN PSNR: 27.240 dB
TRAIN PSNR: 27.267 dB
TRAIN PSNR: 27.203 dB
TRAIN PSNR: 27.438 dB
TRAIN PSNR: 27.291 dB
TRAIN PSNR: 27.364 dB
TRAIN PSNR: 27.437 dB
TRAIN PSNR: 27.556 dB
TRAIN PSNR: 27.385 dB
TRAIN PSNR: 27.392 dB
