{'model': {'circ_rows': 3,
           'iters': 4,
           'leak': 0.2,
           'nf': 27,
           'nic': 1,
           'rank': 11,
           'topK': 8,
           'window_size': 42},
 'paths': {'ckpt': None, 'save': 'Models/DGCN-nf_rank-1a'},
 'train': {'fit': {'backtrack_thresh': 1,
                   'clip_grad': 1,
                   'epochs': 16000,
                   'noise_std': 25,
                   'save_freq': 50,
                   'val_freq': 50,
                   'verbose': False},
           'loaders': {'batch_size': 8,
                       'crop_size': 42,
                       'load_color': False,
                       'trn_path_list': ['CBSD432'],
                       'tst_path_list': ['CBSD68'],
                       'val_path_list': ['Set12']},
           'opt': {'lr': 0.0001},
           'sched': {'gamma': 0.95, 'step_size': 200}}}
Loading ['CBSD432']:
Loading ['CBSD68']:
Loading ['Set12']:
Using device cuda:0.
Using 2 GPUs.
Current Learning Rate(s):
0.0001
Total Number of Parameters: 262,176
fit: using device cuda:0
Saving initialization to 0.ckpt
TRAIN PSNR: 19.927 dB
TRAIN PSNR: 22.182 dB
TRAIN PSNR: 23.188 dB
TRAIN PSNR: 23.704 dB
TRAIN PSNR: 24.141 dB
TRAIN PSNR: 24.383 dB
TRAIN PSNR: 24.622 dB
TRAIN PSNR: 24.790 dB
TRAIN PSNR: 24.963 dB
TRAIN PSNR: 25.181 dB
TRAIN PSNR: 25.441 dB
TRAIN PSNR: 25.607 dB
TRAIN PSNR: 25.690 dB
TRAIN PSNR: 25.780 dB
TRAIN PSNR: 25.826 dB
TRAIN PSNR: 25.881 dB
TRAIN PSNR: 26.078 dB
TRAIN PSNR: 26.210 dB
TRAIN PSNR: 26.271 dB
TRAIN PSNR: 26.219 dB
TRAIN PSNR: 26.543 dB
TRAIN PSNR: 26.442 dB
TRAIN PSNR: 26.434 dB
TRAIN PSNR: 26.599 dB
TRAIN PSNR: 26.728 dB
TRAIN PSNR: 26.764 dB
TRAIN PSNR: 26.657 dB
TRAIN PSNR: 26.618 dB
TRAIN PSNR: 26.973 dB
TRAIN PSNR: 26.932 dB
TRAIN PSNR: 26.902 dB
TRAIN PSNR: 27.045 dB
TRAIN PSNR: 26.982 dB
TRAIN PSNR: 27.081 dB
TRAIN PSNR: 27.079 dB
TRAIN PSNR: 27.150 dB
TRAIN PSNR: 27.130 dB
TRAIN PSNR: 27.310 dB
TRAIN PSNR: 27.375 dB
TRAIN PSNR: 27.214 dB
TRAIN PSNR: 27.364 dB
TRAIN PSNR: 27.377 dB
TRAIN PSNR: 27.446 dB
TRAIN PSNR: 27.388 dB
TRAIN PSNR: 27.523 dB
TRAIN PSNR: 27.474 dB
TRAIN PSNR: 27.475 dB
TRAIN PSNR: 27.360 dB
TRAIN PSNR: 27.550 dB
TRAIN PSNR: 27.496 dB
